{"/home/nik/code/dnpm/canijs/cani.js":{"path":"/home/nik/code/dnpm/canijs/cani.js","s":{"1":1,"2":1,"3":1,"4":1,"5":1,"6":1,"7":1,"8":1,"9":6,"10":5,"11":1,"12":4,"13":3,"14":4,"15":3,"16":1,"17":1,"18":0,"19":0,"20":0,"21":0,"22":0,"23":1,"24":2,"25":2,"26":2,"27":1,"28":1,"29":1,"30":1,"31":1,"32":1,"33":1,"34":1,"35":1,"36":0,"37":0,"38":0,"39":0,"40":1,"41":0,"42":0,"43":0,"44":0,"45":0,"46":0,"47":0,"48":0,"49":0,"50":0,"51":0,"52":0,"53":0,"54":0,"55":0,"56":0,"57":0,"58":1,"59":0,"60":1,"61":1,"62":1,"63":1,"64":1,"65":0,"66":0,"67":0,"68":1,"69":1,"70":1,"71":1,"72":1,"73":1},"b":{"1":[1,0],"2":[1,1],"3":[5,1],"4":[1,4],"5":[3,1],"6":[1,0],"7":[0,0],"8":[0,0],"9":[2,0],"10":[1,0],"11":[1,0],"12":[1,0],"13":[0,0],"14":[0,0],"15":[0,0],"16":[0,0],"17":[0,0],"18":[0,0],"19":[1,0],"20":[0,0],"21":[1,1],"22":[1,0]},"f":{"1":1,"2":6,"3":2,"4":1,"5":0,"6":0,"7":0,"8":0,"9":1,"10":0,"11":1},"fnMap":{"1":{"name":"(anonymous_1)","line":6,"loc":{"start":{"line":6,"column":13},"end":{"line":6,"column":27}}},"2":{"name":"(anonymous_2)","line":14,"loc":{"start":{"line":14,"column":16},"end":{"line":14,"column":46}}},"3":{"name":"(anonymous_3)","line":29,"loc":{"start":{"line":29,"column":14},"end":{"line":29,"column":35}}},"4":{"name":"(anonymous_4)","line":39,"loc":{"start":{"line":39,"column":19},"end":{"line":39,"column":42}}},"5":{"name":"(anonymous_5)","line":51,"loc":{"start":{"line":51,"column":29},"end":{"line":51,"column":39}}},"6":{"name":"(anonymous_6)","line":69,"loc":{"start":{"line":69,"column":27},"end":{"line":69,"column":48}}},"7":{"name":"(anonymous_7)","line":70,"loc":{"start":{"line":70,"column":28},"end":{"line":70,"column":47}}},"8":{"name":"(anonymous_8)","line":89,"loc":{"start":{"line":89,"column":22},"end":{"line":89,"column":37}}},"9":{"name":"(anonymous_9)","line":93,"loc":{"start":{"line":93,"column":18},"end":{"line":93,"column":41}}},"10":{"name":"(anonymous_10)","line":98,"loc":{"start":{"line":98,"column":18},"end":{"line":98,"column":41}}},"11":{"name":"(anonymous_11)","line":105,"loc":{"start":{"line":105,"column":16},"end":{"line":105,"column":30}}}},"statementMap":{"1":{"start":{"line":1,"column":0},"end":{"line":3,"column":1}},"2":{"start":{"line":2,"column":4},"end":{"line":2,"column":21}},"3":{"start":{"line":4,"column":0},"end":{"line":4,"column":22}},"4":{"start":{"line":6,"column":0},"end":{"line":115,"column":18}},"5":{"start":{"line":9,"column":4},"end":{"line":9,"column":20}},"6":{"start":{"line":10,"column":4},"end":{"line":10,"column":25}},"7":{"start":{"line":12,"column":4},"end":{"line":12,"column":18}},"8":{"start":{"line":14,"column":4},"end":{"line":27,"column":6}},"9":{"start":{"line":15,"column":1},"end":{"line":26,"column":2}},"10":{"start":{"line":16,"column":5},"end":{"line":16,"column":51}},"11":{"start":{"line":16,"column":44},"end":{"line":16,"column":51}},"12":{"start":{"line":17,"column":5},"end":{"line":17,"column":68}},"13":{"start":{"line":17,"column":45},"end":{"line":17,"column":68}},"14":{"start":{"line":18,"column":5},"end":{"line":18,"column":32}},"15":{"start":{"line":18,"column":15},"end":{"line":18,"column":32}},"16":{"start":{"line":19,"column":7},"end":{"line":26,"column":2}},"17":{"start":{"line":20,"column":5},"end":{"line":25,"column":6}},"18":{"start":{"line":21,"column":2},"end":{"line":24,"column":3}},"19":{"start":{"line":22,"column":6},"end":{"line":22,"column":63}},"20":{"start":{"line":22,"column":43},"end":{"line":22,"column":63}},"21":{"start":{"line":23,"column":6},"end":{"line":23,"column":30}},"22":{"start":{"line":23,"column":16},"end":{"line":23,"column":30}},"23":{"start":{"line":29,"column":4},"end":{"line":34,"column":6}},"24":{"start":{"line":30,"column":1},"end":{"line":30,"column":57}},"25":{"start":{"line":30,"column":40},"end":{"line":30,"column":57}},"26":{"start":{"line":31,"column":1},"end":{"line":31,"column":24}},"27":{"start":{"line":36,"column":4},"end":{"line":36,"column":20}},"28":{"start":{"line":37,"column":4},"end":{"line":37,"column":25}},"29":{"start":{"line":39,"column":4},"end":{"line":87,"column":6}},"30":{"start":{"line":40,"column":1},"end":{"line":40,"column":32}},"31":{"start":{"line":40,"column":13},"end":{"line":40,"column":32}},"32":{"start":{"line":41,"column":1},"end":{"line":41,"column":26}},"33":{"start":{"line":43,"column":1},"end":{"line":86,"column":2}},"34":{"start":{"line":44,"column":5},"end":{"line":54,"column":6}},"35":{"start":{"line":45,"column":2},"end":{"line":45,"column":34}},"36":{"start":{"line":48,"column":2},"end":{"line":50,"column":3}},"37":{"start":{"line":49,"column":6},"end":{"line":49,"column":35}},"38":{"start":{"line":51,"column":2},"end":{"line":53,"column":5}},"39":{"start":{"line":52,"column":6},"end":{"line":52,"column":38}},"40":{"start":{"line":55,"column":7},"end":{"line":55,"column":31}},"41":{"start":{"line":57,"column":7},"end":{"line":86,"column":2}},"42":{"start":{"line":64,"column":5},"end":{"line":64,"column":27}},"43":{"start":{"line":65,"column":5},"end":{"line":76,"column":6}},"44":{"start":{"line":66,"column":2},"end":{"line":66,"column":55}},"45":{"start":{"line":67,"column":2},"end":{"line":75,"column":3}},"46":{"start":{"line":68,"column":6},"end":{"line":68,"column":25}},"47":{"start":{"line":69,"column":6},"end":{"line":73,"column":9}},"48":{"start":{"line":70,"column":3},"end":{"line":72,"column":6}},"49":{"start":{"line":71,"column":7},"end":{"line":71,"column":35}},"50":{"start":{"line":74,"column":6},"end":{"line":74,"column":12}},"51":{"start":{"line":77,"column":5},"end":{"line":84,"column":6}},"52":{"start":{"line":78,"column":2},"end":{"line":78,"column":15}},"53":{"start":{"line":79,"column":2},"end":{"line":82,"column":3}},"54":{"start":{"line":80,"column":6},"end":{"line":80,"column":59}},"55":{"start":{"line":81,"column":6},"end":{"line":81,"column":25}},"56":{"start":{"line":83,"column":2},"end":{"line":83,"column":24}},"57":{"start":{"line":85,"column":5},"end":{"line":85,"column":29}},"58":{"start":{"line":89,"column":4},"end":{"line":91,"column":6}},"59":{"start":{"line":90,"column":1},"end":{"line":90,"column":38}},"60":{"start":{"line":93,"column":4},"end":{"line":96,"column":6}},"61":{"start":{"line":94,"column":1},"end":{"line":94,"column":47}},"62":{"start":{"line":94,"column":24},"end":{"line":94,"column":47}},"63":{"start":{"line":95,"column":1},"end":{"line":95,"column":36}},"64":{"start":{"line":98,"column":4},"end":{"line":103,"column":6}},"65":{"start":{"line":100,"column":1},"end":{"line":100,"column":51}},"66":{"start":{"line":100,"column":30},"end":{"line":100,"column":51}},"67":{"start":{"line":102,"column":1},"end":{"line":102,"column":43}},"68":{"start":{"line":105,"column":4},"end":{"line":111,"column":6}},"69":{"start":{"line":109,"column":1},"end":{"line":109,"column":15}},"70":{"start":{"line":110,"column":1},"end":{"line":110,"column":40}},"71":{"start":{"line":113,"column":4},"end":{"line":113,"column":16}},"72":{"start":{"line":117,"column":0},"end":{"line":119,"column":1}},"73":{"start":{"line":118,"column":4},"end":{"line":118,"column":26}}},"branchMap":{"1":{"line":1,"type":"if","locations":[{"start":{"line":1,"column":0},"end":{"line":1,"column":0}},{"start":{"line":1,"column":0},"end":{"line":1,"column":0}}]},"2":{"line":4,"type":"binary-expr","locations":[{"start":{"line":4,"column":11},"end":{"line":4,"column":15}},{"start":{"line":4,"column":19},"end":{"line":4,"column":21}}]},"3":{"line":15,"type":"if","locations":[{"start":{"line":15,"column":1},"end":{"line":15,"column":1}},{"start":{"line":15,"column":1},"end":{"line":15,"column":1}}]},"4":{"line":16,"type":"if","locations":[{"start":{"line":16,"column":5},"end":{"line":16,"column":5}},{"start":{"line":16,"column":5},"end":{"line":16,"column":5}}]},"5":{"line":18,"type":"if","locations":[{"start":{"line":18,"column":5},"end":{"line":18,"column":5}},{"start":{"line":18,"column":5},"end":{"line":18,"column":5}}]},"6":{"line":19,"type":"if","locations":[{"start":{"line":19,"column":7},"end":{"line":19,"column":7}},{"start":{"line":19,"column":7},"end":{"line":19,"column":7}}]},"7":{"line":21,"type":"if","locations":[{"start":{"line":21,"column":2},"end":{"line":21,"column":2}},{"start":{"line":21,"column":2},"end":{"line":21,"column":2}}]},"8":{"line":23,"type":"if","locations":[{"start":{"line":23,"column":6},"end":{"line":23,"column":6}},{"start":{"line":23,"column":6},"end":{"line":23,"column":6}}]},"9":{"line":30,"type":"if","locations":[{"start":{"line":30,"column":1},"end":{"line":30,"column":1}},{"start":{"line":30,"column":1},"end":{"line":30,"column":1}}]},"10":{"line":40,"type":"if","locations":[{"start":{"line":40,"column":1},"end":{"line":40,"column":1}},{"start":{"line":40,"column":1},"end":{"line":40,"column":1}}]},"11":{"line":43,"type":"if","locations":[{"start":{"line":43,"column":1},"end":{"line":43,"column":1}},{"start":{"line":43,"column":1},"end":{"line":43,"column":1}}]},"12":{"line":44,"type":"if","locations":[{"start":{"line":44,"column":5},"end":{"line":44,"column":5}},{"start":{"line":44,"column":5},"end":{"line":44,"column":5}}]},"13":{"line":48,"type":"if","locations":[{"start":{"line":48,"column":2},"end":{"line":48,"column":2}},{"start":{"line":48,"column":2},"end":{"line":48,"column":2}}]},"14":{"line":57,"type":"if","locations":[{"start":{"line":57,"column":7},"end":{"line":57,"column":7}},{"start":{"line":57,"column":7},"end":{"line":57,"column":7}}]},"15":{"line":66,"type":"cond-expr","locations":[{"start":{"line":66,"column":40},"end":{"line":66,"column":49}},{"start":{"line":66,"column":52},"end":{"line":66,"column":54}}]},"16":{"line":67,"type":"if","locations":[{"start":{"line":67,"column":2},"end":{"line":67,"column":2}},{"start":{"line":67,"column":2},"end":{"line":67,"column":2}}]},"17":{"line":77,"type":"if","locations":[{"start":{"line":77,"column":5},"end":{"line":77,"column":5}},{"start":{"line":77,"column":5},"end":{"line":77,"column":5}}]},"18":{"line":80,"type":"cond-expr","locations":[{"start":{"line":80,"column":44},"end":{"line":80,"column":53}},{"start":{"line":80,"column":56},"end":{"line":80,"column":58}}]},"19":{"line":94,"type":"if","locations":[{"start":{"line":94,"column":1},"end":{"line":94,"column":1}},{"start":{"line":94,"column":1},"end":{"line":94,"column":1}}]},"20":{"line":100,"type":"if","locations":[{"start":{"line":100,"column":1},"end":{"line":100,"column":1}},{"start":{"line":100,"column":1},"end":{"line":100,"column":1}}]},"21":{"line":115,"type":"binary-expr","locations":[{"start":{"line":115,"column":3},"end":{"line":115,"column":12}},{"start":{"line":115,"column":14},"end":{"line":115,"column":16}}]},"22":{"line":117,"type":"if","locations":[{"start":{"line":117,"column":0},"end":{"line":117,"column":0}},{"start":{"line":117,"column":0},"end":{"line":117,"column":0}}]}}}}