{
"/home/nik/code/dnpm/canijs/cani.js":{"path":"/home/nik/code/dnpm/canijs/cani.js","s":{"1":1,"2":1,"3":1,"4":1,"5":1,"6":1,"7":1,"8":1,"9":14,"10":12,"11":4,"12":8,"13":7,"14":8,"15":7,"16":2,"17":2,"18":3,"19":1,"20":1,"21":1,"22":1,"23":1,"24":7,"25":3,"26":7,"27":1,"28":1,"29":1,"30":10,"31":9,"32":10,"33":10,"34":6,"35":2,"36":4,"37":4,"38":4,"39":4,"40":6,"41":4,"42":4,"43":4,"44":6,"45":6,"46":2,"47":2,"48":2,"49":2,"50":2,"51":4,"52":2,"53":2,"54":4,"55":4,"56":2,"57":4,"58":1,"59":1,"60":1,"61":7,"62":7,"63":7,"64":1,"65":1,"66":1,"67":1,"68":1,"69":1,"70":1,"71":1,"72":1,"73":1},"b":{"1":[1,0],"2":[1,1],"3":[12,2],"4":[4,8],"5":[7,1],"6":[2,0],"7":[1,2],"8":[1,0],"9":[3,4],"10":[9,1],"11":[6,4],"12":[2,4],"13":[6,5],"14":[4,0],"15":[4,0],"16":[3,3],"17":[2,4],"18":[2,2],"19":[2,2],"20":[7,0],"21":[1,0],"22":[1,1],"23":[1,0]},"f":{"1":1,"2":14,"3":7,"4":10,"5":4,"6":2,"7":2,"8":1,"9":7,"10":1,"11":1},"fnMap":{"1":{"name":"(anonymous_1)","line":6,"loc":{"start":{"line":6,"column":13},"end":{"line":6,"column":27}}},"2":{"name":"(anonymous_2)","line":14,"loc":{"start":{"line":14,"column":16},"end":{"line":14,"column":46}}},"3":{"name":"(anonymous_3)","line":29,"loc":{"start":{"line":29,"column":14},"end":{"line":29,"column":35}}},"4":{"name":"(anonymous_4)","line":39,"loc":{"start":{"line":39,"column":19},"end":{"line":39,"column":42}}},"5":{"name":"(anonymous_5)","line":51,"loc":{"start":{"line":51,"column":29},"end":{"line":51,"column":39}}},"6":{"name":"(anonymous_6)","line":69,"loc":{"start":{"line":69,"column":27},"end":{"line":69,"column":48}}},"7":{"name":"(anonymous_7)","line":70,"loc":{"start":{"line":70,"column":28},"end":{"line":70,"column":47}}},"8":{"name":"(anonymous_8)","line":89,"loc":{"start":{"line":89,"column":22},"end":{"line":89,"column":37}}},"9":{"name":"(anonymous_9)","line":93,"loc":{"start":{"line":93,"column":18},"end":{"line":93,"column":41}}},"10":{"name":"(anonymous_10)","line":98,"loc":{"start":{"line":98,"column":18},"end":{"line":98,"column":41}}},"11":{"name":"(anonymous_11)","line":103,"loc":{"start":{"line":103,"column":16},"end":{"line":103,"column":30}}}},"statementMap":{"1":{"start":{"line":1,"column":0},"end":{"line":3,"column":1}},"2":{"start":{"line":2,"column":4},"end":{"line":2,"column":21}},"3":{"start":{"line":4,"column":0},"end":{"line":4,"column":22}},"4":{"start":{"line":6,"column":0},"end":{"line":113,"column":18}},"5":{"start":{"line":9,"column":4},"end":{"line":9,"column":20}},"6":{"start":{"line":10,"column":4},"end":{"line":10,"column":25}},"7":{"start":{"line":12,"column":4},"end":{"line":12,"column":18}},"8":{"start":{"line":14,"column":4},"end":{"line":27,"column":6}},"9":{"start":{"line":15,"column":1},"end":{"line":26,"column":2}},"10":{"start":{"line":16,"column":5},"end":{"line":16,"column":51}},"11":{"start":{"line":16,"column":44},"end":{"line":16,"column":51}},"12":{"start":{"line":17,"column":5},"end":{"line":17,"column":68}},"13":{"start":{"line":17,"column":45},"end":{"line":17,"column":68}},"14":{"start":{"line":18,"column":5},"end":{"line":18,"column":32}},"15":{"start":{"line":18,"column":15},"end":{"line":18,"column":32}},"16":{"start":{"line":19,"column":7},"end":{"line":26,"column":2}},"17":{"start":{"line":20,"column":5},"end":{"line":25,"column":6}},"18":{"start":{"line":21,"column":2},"end":{"line":24,"column":3}},"19":{"start":{"line":22,"column":6},"end":{"line":22,"column":63}},"20":{"start":{"line":22,"column":43},"end":{"line":22,"column":63}},"21":{"start":{"line":23,"column":6},"end":{"line":23,"column":30}},"22":{"start":{"line":23,"column":16},"end":{"line":23,"column":30}},"23":{"start":{"line":29,"column":4},"end":{"line":34,"column":6}},"24":{"start":{"line":30,"column":1},"end":{"line":30,"column":57}},"25":{"start":{"line":30,"column":40},"end":{"line":30,"column":57}},"26":{"start":{"line":31,"column":1},"end":{"line":31,"column":24}},"27":{"start":{"line":36,"column":4},"end":{"line":36,"column":20}},"28":{"start":{"line":37,"column":4},"end":{"line":37,"column":25}},"29":{"start":{"line":39,"column":4},"end":{"line":87,"column":6}},"30":{"start":{"line":40,"column":1},"end":{"line":40,"column":32}},"31":{"start":{"line":40,"column":13},"end":{"line":40,"column":32}},"32":{"start":{"line":41,"column":1},"end":{"line":41,"column":26}},"33":{"start":{"line":43,"column":1},"end":{"line":86,"column":2}},"34":{"start":{"line":44,"column":5},"end":{"line":54,"column":6}},"35":{"start":{"line":45,"column":2},"end":{"line":45,"column":34}},"36":{"start":{"line":48,"column":2},"end":{"line":50,"column":3}},"37":{"start":{"line":49,"column":6},"end":{"line":49,"column":35}},"38":{"start":{"line":51,"column":2},"end":{"line":53,"column":5}},"39":{"start":{"line":52,"column":6},"end":{"line":52,"column":38}},"40":{"start":{"line":55,"column":7},"end":{"line":55,"column":31}},"41":{"start":{"line":57,"column":7},"end":{"line":86,"column":2}},"42":{"start":{"line":64,"column":5},"end":{"line":64,"column":27}},"43":{"start":{"line":65,"column":5},"end":{"line":76,"column":6}},"44":{"start":{"line":66,"column":2},"end":{"line":66,"column":55}},"45":{"start":{"line":67,"column":2},"end":{"line":75,"column":3}},"46":{"start":{"line":68,"column":6},"end":{"line":68,"column":25}},"47":{"start":{"line":69,"column":6},"end":{"line":73,"column":9}},"48":{"start":{"line":70,"column":3},"end":{"line":72,"column":6}},"49":{"start":{"line":71,"column":7},"end":{"line":71,"column":35}},"50":{"start":{"line":74,"column":6},"end":{"line":74,"column":12}},"51":{"start":{"line":77,"column":5},"end":{"line":84,"column":6}},"52":{"start":{"line":78,"column":2},"end":{"line":78,"column":15}},"53":{"start":{"line":79,"column":2},"end":{"line":82,"column":3}},"54":{"start":{"line":80,"column":6},"end":{"line":80,"column":59}},"55":{"start":{"line":81,"column":6},"end":{"line":81,"column":25}},"56":{"start":{"line":83,"column":2},"end":{"line":83,"column":24}},"57":{"start":{"line":85,"column":5},"end":{"line":85,"column":29}},"58":{"start":{"line":89,"column":4},"end":{"line":91,"column":6}},"59":{"start":{"line":90,"column":1},"end":{"line":90,"column":38}},"60":{"start":{"line":93,"column":4},"end":{"line":96,"column":6}},"61":{"start":{"line":94,"column":1},"end":{"line":94,"column":47}},"62":{"start":{"line":94,"column":24},"end":{"line":94,"column":47}},"63":{"start":{"line":95,"column":1},"end":{"line":95,"column":36}},"64":{"start":{"line":98,"column":4},"end":{"line":101,"column":6}},"65":{"start":{"line":99,"column":1},"end":{"line":99,"column":64}},"66":{"start":{"line":99,"column":43},"end":{"line":99,"column":64}},"67":{"start":{"line":100,"column":1},"end":{"line":100,"column":43}},"68":{"start":{"line":103,"column":4},"end":{"line":109,"column":6}},"69":{"start":{"line":107,"column":1},"end":{"line":107,"column":15}},"70":{"start":{"line":108,"column":1},"end":{"line":108,"column":40}},"71":{"start":{"line":111,"column":4},"end":{"line":111,"column":16}},"72":{"start":{"line":115,"column":0},"end":{"line":117,"column":1}},"73":{"start":{"line":116,"column":4},"end":{"line":116,"column":26}}},"branchMap":{"1":{"line":1,"type":"if","locations":[{"start":{"line":1,"column":0},"end":{"line":1,"column":0}},{"start":{"line":1,"column":0},"end":{"line":1,"column":0}}]},"2":{"line":4,"type":"binary-expr","locations":[{"start":{"line":4,"column":11},"end":{"line":4,"column":15}},{"start":{"line":4,"column":19},"end":{"line":4,"column":21}}]},"3":{"line":15,"type":"if","locations":[{"start":{"line":15,"column":1},"end":{"line":15,"column":1}},{"start":{"line":15,"column":1},"end":{"line":15,"column":1}}]},"4":{"line":16,"type":"if","locations":[{"start":{"line":16,"column":5},"end":{"line":16,"column":5}},{"start":{"line":16,"column":5},"end":{"line":16,"column":5}}]},"5":{"line":18,"type":"if","locations":[{"start":{"line":18,"column":5},"end":{"line":18,"column":5}},{"start":{"line":18,"column":5},"end":{"line":18,"column":5}}]},"6":{"line":19,"type":"if","locations":[{"start":{"line":19,"column":7},"end":{"line":19,"column":7}},{"start":{"line":19,"column":7},"end":{"line":19,"column":7}}]},"7":{"line":21,"type":"if","locations":[{"start":{"line":21,"column":2},"end":{"line":21,"column":2}},{"start":{"line":21,"column":2},"end":{"line":21,"column":2}}]},"8":{"line":23,"type":"if","locations":[{"start":{"line":23,"column":6},"end":{"line":23,"column":6}},{"start":{"line":23,"column":6},"end":{"line":23,"column":6}}]},"9":{"line":30,"type":"if","locations":[{"start":{"line":30,"column":1},"end":{"line":30,"column":1}},{"start":{"line":30,"column":1},"end":{"line":30,"column":1}}]},"10":{"line":40,"type":"if","locations":[{"start":{"line":40,"column":1},"end":{"line":40,"column":1}},{"start":{"line":40,"column":1},"end":{"line":40,"column":1}}]},"11":{"line":43,"type":"if","locations":[{"start":{"line":43,"column":1},"end":{"line":43,"column":1}},{"start":{"line":43,"column":1},"end":{"line":43,"column":1}}]},"12":{"line":44,"type":"if","locations":[{"start":{"line":44,"column":5},"end":{"line":44,"column":5}},{"start":{"line":44,"column":5},"end":{"line":44,"column":5}}]},"13":{"line":44,"type":"binary-expr","locations":[{"start":{"line":44,"column":9},"end":{"line":44,"column":26}},{"start":{"line":44,"column":30},"end":{"line":44,"column":45}}]},"14":{"line":48,"type":"if","locations":[{"start":{"line":48,"column":2},"end":{"line":48,"column":2}},{"start":{"line":48,"column":2},"end":{"line":48,"column":2}}]},"15":{"line":57,"type":"if","locations":[{"start":{"line":57,"column":7},"end":{"line":57,"column":7}},{"start":{"line":57,"column":7},"end":{"line":57,"column":7}}]},"16":{"line":66,"type":"cond-expr","locations":[{"start":{"line":66,"column":40},"end":{"line":66,"column":49}},{"start":{"line":66,"column":52},"end":{"line":66,"column":54}}]},"17":{"line":67,"type":"if","locations":[{"start":{"line":67,"column":2},"end":{"line":67,"column":2}},{"start":{"line":67,"column":2},"end":{"line":67,"column":2}}]},"18":{"line":77,"type":"if","locations":[{"start":{"line":77,"column":5},"end":{"line":77,"column":5}},{"start":{"line":77,"column":5},"end":{"line":77,"column":5}}]},"19":{"line":80,"type":"cond-expr","locations":[{"start":{"line":80,"column":44},"end":{"line":80,"column":53}},{"start":{"line":80,"column":56},"end":{"line":80,"column":58}}]},"20":{"line":94,"type":"if","locations":[{"start":{"line":94,"column":1},"end":{"line":94,"column":1}},{"start":{"line":94,"column":1},"end":{"line":94,"column":1}}]},"21":{"line":99,"type":"if","locations":[{"start":{"line":99,"column":1},"end":{"line":99,"column":1}},{"start":{"line":99,"column":1},"end":{"line":99,"column":1}}]},"22":{"line":113,"type":"binary-expr","locations":[{"start":{"line":113,"column":3},"end":{"line":113,"column":12}},{"start":{"line":113,"column":14},"end":{"line":113,"column":16}}]},"23":{"line":115,"type":"if","locations":[{"start":{"line":115,"column":0},"end":{"line":115,"column":0}},{"start":{"line":115,"column":0},"end":{"line":115,"column":0}}]}},"l":{"1":1,"2":1,"4":1,"6":1,"9":1,"10":1,"12":1,"14":1,"15":14,"16":12,"17":8,"18":8,"19":2,"20":2,"21":3,"22":1,"23":1,"29":1,"30":7,"31":7,"36":1,"37":1,"39":1,"40":10,"41":10,"43":10,"44":6,"45":2,"48":4,"49":4,"51":4,"52":4,"55":6,"57":4,"64":4,"65":4,"66":6,"67":6,"68":2,"69":2,"70":2,"71":2,"74":2,"77":4,"78":2,"79":2,"80":4,"81":4,"83":2,"85":4,"89":1,"90":1,"93":1,"94":7,"95":7,"98":1,"99":1,"100":1,"103":1,"107":1,"108":1,"111":1,"115":1,"116":1}}}
