{
"/home/nik/code/dnpm/canijs/cani.js":{"path":"/home/nik/code/dnpm/canijs/cani.js","s":{"1":1,"2":1,"3":1,"4":1,"5":1,"6":1,"7":1,"8":1,"9":16,"10":13,"11":4,"12":9,"13":7,"14":9,"15":8,"16":3,"17":3,"18":8,"19":3,"20":2,"21":3,"22":3,"23":1,"24":9,"25":4,"26":9,"27":1,"28":1,"29":1,"30":11,"31":10,"32":11,"33":11,"34":7,"35":2,"36":5,"37":5,"38":5,"39":4,"40":7,"41":4,"42":4,"43":4,"44":6,"45":6,"46":2,"47":2,"48":2,"49":2,"50":2,"51":4,"52":2,"53":2,"54":4,"55":4,"56":2,"57":4,"58":1,"59":1,"60":1,"61":7,"62":7,"63":7,"64":1,"65":1,"66":1,"67":1,"68":1,"69":2,"70":2,"71":1,"72":1,"73":1},"b":{"1":[1,0],"2":[1,1],"3":[13,3],"4":[4,9],"5":[8,1],"6":[3,0],"7":[3,5],"8":[3,0],"9":[4,5],"10":[10,1],"11":[7,4],"12":[2,5],"13":[7,6],"14":[5,0],"15":[4,0],"16":[3,3],"17":[2,4],"18":[2,2],"19":[2,2],"20":[7,0],"21":[1,0],"22":[1,1],"23":[1,0]},"f":{"1":1,"2":16,"3":9,"4":11,"5":4,"6":2,"7":2,"8":1,"9":7,"10":1,"11":2},"fnMap":{"1":{"name":"(anonymous_1)","line":6,"loc":{"start":{"line":6,"column":13},"end":{"line":6,"column":27}}},"2":{"name":"(anonymous_2)","line":14,"loc":{"start":{"line":14,"column":16},"end":{"line":14,"column":46}}},"3":{"name":"(anonymous_3)","line":29,"loc":{"start":{"line":29,"column":14},"end":{"line":29,"column":35}}},"4":{"name":"(anonymous_4)","line":39,"loc":{"start":{"line":39,"column":19},"end":{"line":39,"column":42}}},"5":{"name":"(anonymous_5)","line":51,"loc":{"start":{"line":51,"column":29},"end":{"line":51,"column":39}}},"6":{"name":"(anonymous_6)","line":69,"loc":{"start":{"line":69,"column":27},"end":{"line":69,"column":48}}},"7":{"name":"(anonymous_7)","line":70,"loc":{"start":{"line":70,"column":28},"end":{"line":70,"column":47}}},"8":{"name":"(anonymous_8)","line":89,"loc":{"start":{"line":89,"column":22},"end":{"line":89,"column":37}}},"9":{"name":"(anonymous_9)","line":93,"loc":{"start":{"line":93,"column":18},"end":{"line":93,"column":41}}},"10":{"name":"(anonymous_10)","line":98,"loc":{"start":{"line":98,"column":18},"end":{"line":98,"column":41}}},"11":{"name":"(anonymous_11)","line":103,"loc":{"start":{"line":103,"column":16},"end":{"line":103,"column":30}}}},"statementMap":{"1":{"start":{"line":1,"column":0},"end":{"line":3,"column":1}},"2":{"start":{"line":2,"column":4},"end":{"line":2,"column":21}},"3":{"start":{"line":4,"column":0},"end":{"line":4,"column":22}},"4":{"start":{"line":6,"column":0},"end":{"line":113,"column":18}},"5":{"start":{"line":9,"column":4},"end":{"line":9,"column":20}},"6":{"start":{"line":10,"column":4},"end":{"line":10,"column":25}},"7":{"start":{"line":12,"column":4},"end":{"line":12,"column":18}},"8":{"start":{"line":14,"column":4},"end":{"line":27,"column":6}},"9":{"start":{"line":15,"column":1},"end":{"line":26,"column":2}},"10":{"start":{"line":16,"column":5},"end":{"line":16,"column":51}},"11":{"start":{"line":16,"column":44},"end":{"line":16,"column":51}},"12":{"start":{"line":17,"column":5},"end":{"line":17,"column":68}},"13":{"start":{"line":17,"column":45},"end":{"line":17,"column":68}},"14":{"start":{"line":18,"column":5},"end":{"line":18,"column":32}},"15":{"start":{"line":18,"column":15},"end":{"line":18,"column":32}},"16":{"start":{"line":19,"column":7},"end":{"line":26,"column":2}},"17":{"start":{"line":20,"column":5},"end":{"line":25,"column":6}},"18":{"start":{"line":21,"column":2},"end":{"line":24,"column":3}},"19":{"start":{"line":22,"column":6},"end":{"line":22,"column":63}},"20":{"start":{"line":22,"column":43},"end":{"line":22,"column":63}},"21":{"start":{"line":23,"column":6},"end":{"line":23,"column":30}},"22":{"start":{"line":23,"column":16},"end":{"line":23,"column":30}},"23":{"start":{"line":29,"column":4},"end":{"line":34,"column":6}},"24":{"start":{"line":30,"column":1},"end":{"line":30,"column":57}},"25":{"start":{"line":30,"column":40},"end":{"line":30,"column":57}},"26":{"start":{"line":31,"column":1},"end":{"line":31,"column":24}},"27":{"start":{"line":36,"column":4},"end":{"line":36,"column":20}},"28":{"start":{"line":37,"column":4},"end":{"line":37,"column":25}},"29":{"start":{"line":39,"column":4},"end":{"line":87,"column":6}},"30":{"start":{"line":40,"column":1},"end":{"line":40,"column":32}},"31":{"start":{"line":40,"column":13},"end":{"line":40,"column":32}},"32":{"start":{"line":41,"column":1},"end":{"line":41,"column":26}},"33":{"start":{"line":43,"column":1},"end":{"line":86,"column":2}},"34":{"start":{"line":44,"column":5},"end":{"line":54,"column":6}},"35":{"start":{"line":45,"column":2},"end":{"line":45,"column":34}},"36":{"start":{"line":48,"column":2},"end":{"line":50,"column":3}},"37":{"start":{"line":49,"column":6},"end":{"line":49,"column":35}},"38":{"start":{"line":51,"column":2},"end":{"line":53,"column":5}},"39":{"start":{"line":52,"column":6},"end":{"line":52,"column":38}},"40":{"start":{"line":55,"column":7},"end":{"line":55,"column":31}},"41":{"start":{"line":57,"column":7},"end":{"line":86,"column":2}},"42":{"start":{"line":64,"column":5},"end":{"line":64,"column":27}},"43":{"start":{"line":65,"column":5},"end":{"line":76,"column":6}},"44":{"start":{"line":66,"column":2},"end":{"line":66,"column":55}},"45":{"start":{"line":67,"column":2},"end":{"line":75,"column":3}},"46":{"start":{"line":68,"column":6},"end":{"line":68,"column":25}},"47":{"start":{"line":69,"column":6},"end":{"line":73,"column":9}},"48":{"start":{"line":70,"column":3},"end":{"line":72,"column":6}},"49":{"start":{"line":71,"column":7},"end":{"line":71,"column":35}},"50":{"start":{"line":74,"column":6},"end":{"line":74,"column":12}},"51":{"start":{"line":77,"column":5},"end":{"line":84,"column":6}},"52":{"start":{"line":78,"column":2},"end":{"line":78,"column":15}},"53":{"start":{"line":79,"column":2},"end":{"line":82,"column":3}},"54":{"start":{"line":80,"column":6},"end":{"line":80,"column":59}},"55":{"start":{"line":81,"column":6},"end":{"line":81,"column":25}},"56":{"start":{"line":83,"column":2},"end":{"line":83,"column":24}},"57":{"start":{"line":85,"column":5},"end":{"line":85,"column":29}},"58":{"start":{"line":89,"column":4},"end":{"line":91,"column":6}},"59":{"start":{"line":90,"column":1},"end":{"line":90,"column":38}},"60":{"start":{"line":93,"column":4},"end":{"line":96,"column":6}},"61":{"start":{"line":94,"column":1},"end":{"line":94,"column":47}},"62":{"start":{"line":94,"column":24},"end":{"line":94,"column":47}},"63":{"start":{"line":95,"column":1},"end":{"line":95,"column":36}},"64":{"start":{"line":98,"column":4},"end":{"line":101,"column":6}},"65":{"start":{"line":99,"column":1},"end":{"line":99,"column":64}},"66":{"start":{"line":99,"column":43},"end":{"line":99,"column":64}},"67":{"start":{"line":100,"column":1},"end":{"line":100,"column":43}},"68":{"start":{"line":103,"column":4},"end":{"line":109,"column":6}},"69":{"start":{"line":107,"column":1},"end":{"line":107,"column":15}},"70":{"start":{"line":108,"column":1},"end":{"line":108,"column":40}},"71":{"start":{"line":111,"column":4},"end":{"line":111,"column":16}},"72":{"start":{"line":115,"column":0},"end":{"line":117,"column":1}},"73":{"start":{"line":116,"column":4},"end":{"line":116,"column":26}}},"branchMap":{"1":{"line":1,"type":"if","locations":[{"start":{"line":1,"column":0},"end":{"line":1,"column":0}},{"start":{"line":1,"column":0},"end":{"line":1,"column":0}}]},"2":{"line":4,"type":"binary-expr","locations":[{"start":{"line":4,"column":11},"end":{"line":4,"column":15}},{"start":{"line":4,"column":19},"end":{"line":4,"column":21}}]},"3":{"line":15,"type":"if","locations":[{"start":{"line":15,"column":1},"end":{"line":15,"column":1}},{"start":{"line":15,"column":1},"end":{"line":15,"column":1}}]},"4":{"line":16,"type":"if","locations":[{"start":{"line":16,"column":5},"end":{"line":16,"column":5}},{"start":{"line":16,"column":5},"end":{"line":16,"column":5}}]},"5":{"line":18,"type":"if","locations":[{"start":{"line":18,"column":5},"end":{"line":18,"column":5}},{"start":{"line":18,"column":5},"end":{"line":18,"column":5}}]},"6":{"line":19,"type":"if","locations":[{"start":{"line":19,"column":7},"end":{"line":19,"column":7}},{"start":{"line":19,"column":7},"end":{"line":19,"column":7}}]},"7":{"line":21,"type":"if","locations":[{"start":{"line":21,"column":2},"end":{"line":21,"column":2}},{"start":{"line":21,"column":2},"end":{"line":21,"column":2}}]},"8":{"line":23,"type":"if","locations":[{"start":{"line":23,"column":6},"end":{"line":23,"column":6}},{"start":{"line":23,"column":6},"end":{"line":23,"column":6}}]},"9":{"line":30,"type":"if","locations":[{"start":{"line":30,"column":1},"end":{"line":30,"column":1}},{"start":{"line":30,"column":1},"end":{"line":30,"column":1}}]},"10":{"line":40,"type":"if","locations":[{"start":{"line":40,"column":1},"end":{"line":40,"column":1}},{"start":{"line":40,"column":1},"end":{"line":40,"column":1}}]},"11":{"line":43,"type":"if","locations":[{"start":{"line":43,"column":1},"end":{"line":43,"column":1}},{"start":{"line":43,"column":1},"end":{"line":43,"column":1}}]},"12":{"line":44,"type":"if","locations":[{"start":{"line":44,"column":5},"end":{"line":44,"column":5}},{"start":{"line":44,"column":5},"end":{"line":44,"column":5}}]},"13":{"line":44,"type":"binary-expr","locations":[{"start":{"line":44,"column":9},"end":{"line":44,"column":26}},{"start":{"line":44,"column":30},"end":{"line":44,"column":45}}]},"14":{"line":48,"type":"if","locations":[{"start":{"line":48,"column":2},"end":{"line":48,"column":2}},{"start":{"line":48,"column":2},"end":{"line":48,"column":2}}]},"15":{"line":57,"type":"if","locations":[{"start":{"line":57,"column":7},"end":{"line":57,"column":7}},{"start":{"line":57,"column":7},"end":{"line":57,"column":7}}]},"16":{"line":66,"type":"cond-expr","locations":[{"start":{"line":66,"column":40},"end":{"line":66,"column":49}},{"start":{"line":66,"column":52},"end":{"line":66,"column":54}}]},"17":{"line":67,"type":"if","locations":[{"start":{"line":67,"column":2},"end":{"line":67,"column":2}},{"start":{"line":67,"column":2},"end":{"line":67,"column":2}}]},"18":{"line":77,"type":"if","locations":[{"start":{"line":77,"column":5},"end":{"line":77,"column":5}},{"start":{"line":77,"column":5},"end":{"line":77,"column":5}}]},"19":{"line":80,"type":"cond-expr","locations":[{"start":{"line":80,"column":44},"end":{"line":80,"column":53}},{"start":{"line":80,"column":56},"end":{"line":80,"column":58}}]},"20":{"line":94,"type":"if","locations":[{"start":{"line":94,"column":1},"end":{"line":94,"column":1}},{"start":{"line":94,"column":1},"end":{"line":94,"column":1}}]},"21":{"line":99,"type":"if","locations":[{"start":{"line":99,"column":1},"end":{"line":99,"column":1}},{"start":{"line":99,"column":1},"end":{"line":99,"column":1}}]},"22":{"line":113,"type":"binary-expr","locations":[{"start":{"line":113,"column":3},"end":{"line":113,"column":12}},{"start":{"line":113,"column":14},"end":{"line":113,"column":16}}]},"23":{"line":115,"type":"if","locations":[{"start":{"line":115,"column":0},"end":{"line":115,"column":0}},{"start":{"line":115,"column":0},"end":{"line":115,"column":0}}]}},"l":{"1":1,"2":1,"4":1,"6":1,"9":1,"10":1,"12":1,"14":1,"15":16,"16":13,"17":9,"18":9,"19":3,"20":3,"21":8,"22":3,"23":3,"29":1,"30":9,"31":9,"36":1,"37":1,"39":1,"40":11,"41":11,"43":11,"44":7,"45":2,"48":5,"49":5,"51":5,"52":4,"55":7,"57":4,"64":4,"65":4,"66":6,"67":6,"68":2,"69":2,"70":2,"71":2,"74":2,"77":4,"78":2,"79":2,"80":4,"81":4,"83":2,"85":4,"89":1,"90":1,"93":1,"94":7,"95":7,"98":1,"99":1,"100":1,"103":1,"107":2,"108":2,"111":1,"115":1,"116":1}},
"/home/nik/code/dnpm/canijs/cani-dynamo/cani-dynamo.js":{"path":"/home/nik/code/dnpm/canijs/cani-dynamo/cani-dynamo.js","s":{"1":1,"2":1,"3":1,"4":1,"5":1,"6":1,"7":1,"8":1,"9":1,"10":1,"11":1,"12":1,"13":1,"14":1,"15":1,"16":1,"17":0,"18":0,"19":0,"20":0,"21":0,"22":0,"23":0,"24":0,"25":1,"26":0,"27":1,"28":0,"29":0,"30":0,"31":0,"32":0,"33":0,"34":0,"35":0,"36":0,"37":0,"38":0,"39":0,"40":0,"41":0,"42":0,"43":0,"44":0,"45":0,"46":0,"47":0,"48":0,"49":0,"50":0,"51":0,"52":0,"53":0,"54":0,"55":0,"56":0,"57":0,"58":0,"59":0,"60":0,"61":0,"62":0,"63":0,"64":0,"65":0,"66":0,"67":0,"68":0,"69":0,"70":0,"71":1,"72":0,"73":0,"74":0,"75":0,"76":0,"77":0,"78":0,"79":0,"80":0,"81":0,"82":0,"83":0,"84":0,"85":0,"86":0,"87":0,"88":0,"89":0,"90":0,"91":0,"92":0,"93":0,"94":0,"95":0,"96":0,"97":0,"98":0,"99":0,"100":0,"101":0,"102":0,"103":0,"104":0,"105":0,"106":0,"107":0,"108":0,"109":0,"110":0,"111":0,"112":0,"113":0,"114":0,"115":0,"116":0,"117":0,"118":0,"119":0,"120":0,"121":0,"122":0,"123":0,"124":0,"125":0,"126":0,"127":0,"128":0,"129":0,"130":0,"131":0,"132":0,"133":0,"134":0,"135":1,"136":0,"137":0,"138":0,"139":0,"140":0,"141":0,"142":0,"143":0,"144":0,"145":0,"146":0,"147":0,"148":0,"149":0,"150":1,"151":1,"152":0,"153":0,"154":0,"155":0,"156":0,"157":0,"158":0,"159":0,"160":0,"161":0,"162":0,"163":0,"164":0,"165":0,"166":1,"167":0,"168":0,"169":0,"170":0,"171":0,"172":0,"173":0,"174":0,"175":0,"176":0,"177":0,"178":1,"179":1,"180":0},"b":{"1":[1,0],"2":[0,0],"3":[0,0],"4":[0,0],"5":[0,0],"6":[0,0],"7":[0,0],"8":[0,0],"9":[0,0],"10":[0,0],"11":[0,0],"12":[0,0],"13":[0,0],"14":[0,0],"15":[0,0],"16":[0,0],"17":[0,0],"18":[0,0],"19":[0,0],"20":[0,0],"21":[0,0],"22":[0,0],"23":[0,0],"24":[0,0],"25":[0,0],"26":[0,0],"27":[0,0],"28":[0,0],"29":[0,0],"30":[0,0],"31":[0,0],"32":[0,0],"33":[0,0],"34":[0,0],"35":[0,0],"36":[0,0],"37":[0,0],"38":[0,0],"39":[0,0],"40":[0,0],"41":[0,0],"42":[0,0,0,0],"43":[1,0],"44":[0,0]},"f":{"1":1,"2":1,"3":1,"4":1,"5":0,"6":0,"7":0,"8":0,"9":0,"10":0,"11":0,"12":0,"13":0,"14":0,"15":0},"fnMap":{"1":{"name":"(anonymous_1)","line":1,"loc":{"start":{"line":1,"column":13},"end":{"line":1,"column":32}}},"2":{"name":"(anonymous_2)","line":1,"loc":{"start":{"line":1,"column":42},"end":{"line":1,"column":58}}},"3":{"name":"(anonymous_3)","line":15,"loc":{"start":{"line":15,"column":17},"end":{"line":15,"column":41}}},"4":{"name":"(anonymous_4)","line":19,"loc":{"start":{"line":19,"column":28},"end":{"line":19,"column":40}}},"5":{"name":"(anonymous_5)","line":25,"loc":{"start":{"line":25,"column":18},"end":{"line":25,"column":28}}},"6":{"name":"(anonymous_6)","line":28,"loc":{"start":{"line":28,"column":15},"end":{"line":28,"column":34}}},"7":{"name":"(anonymous_7)","line":44,"loc":{"start":{"line":44,"column":19},"end":{"line":44,"column":33}}},"8":{"name":"(anonymous_8)","line":50,"loc":{"start":{"line":50,"column":18},"end":{"line":50,"column":45}}},"9":{"name":"(anonymous_9)","line":109,"loc":{"start":{"line":109,"column":46},"end":{"line":109,"column":64}}},"10":{"name":"(anonymous_10)","line":122,"loc":{"start":{"line":122,"column":18},"end":{"line":122,"column":54}}},"11":{"name":"(anonymous_11)","line":216,"loc":{"start":{"line":216,"column":16},"end":{"line":216,"column":34}}},"12":{"name":"(anonymous_12)","line":239,"loc":{"start":{"line":239,"column":19},"end":{"line":239,"column":46}}},"13":{"name":"(anonymous_13)","line":269,"loc":{"start":{"line":269,"column":21},"end":{"line":269,"column":39}}},"14":{"name":"dynamoType","line":279,"loc":{"start":{"line":279,"column":0},"end":{"line":279,"column":23}}},"15":{"name":"deref","line":297,"loc":{"start":{"line":297,"column":0},"end":{"line":297,"column":24}}}},"statementMap":{"1":{"start":{"line":1,"column":0},"end":{"line":317,"column":4}},"2":{"start":{"line":1,"column":34},"end":{"line":317,"column":3}},"3":{"start":{"line":4,"column":4},"end":{"line":4,"column":21}},"4":{"start":{"line":5,"column":4},"end":{"line":5,"column":29}},"5":{"start":{"line":8,"column":4},"end":{"line":8,"column":20}},"6":{"start":{"line":9,"column":4},"end":{"line":9,"column":27}},"7":{"start":{"line":11,"column":4},"end":{"line":11,"column":11}},"8":{"start":{"line":12,"column":4},"end":{"line":12,"column":15}},"9":{"start":{"line":15,"column":4},"end":{"line":20,"column":6}},"10":{"start":{"line":16,"column":1},"end":{"line":16,"column":15}},"11":{"start":{"line":17,"column":1},"end":{"line":17,"column":31}},"12":{"start":{"line":18,"column":1},"end":{"line":19,"column":84}},"13":{"start":{"line":19,"column":5},"end":{"line":19,"column":84}},"14":{"start":{"line":19,"column":41},"end":{"line":19,"column":81}},"15":{"start":{"line":23,"column":4},"end":{"line":23,"column":43}},"16":{"start":{"line":25,"column":4},"end":{"line":38,"column":6}},"17":{"start":{"line":26,"column":1},"end":{"line":26,"column":52}},"18":{"start":{"line":28,"column":1},"end":{"line":37,"column":4}},"19":{"start":{"line":30,"column":5},"end":{"line":30,"column":30}},"20":{"start":{"line":30,"column":13},"end":{"line":30,"column":30}},"21":{"start":{"line":32,"column":5},"end":{"line":32,"column":37}},"22":{"start":{"line":33,"column":5},"end":{"line":33,"column":40}},"23":{"start":{"line":36,"column":5},"end":{"line":36,"column":96}},"24":{"start":{"line":36,"column":44},"end":{"line":36,"column":96}},"25":{"start":{"line":44,"column":4},"end":{"line":47,"column":6}},"26":{"start":{"line":46,"column":1},"end":{"line":46,"column":11}},"27":{"start":{"line":50,"column":4},"end":{"line":119,"column":6}},"28":{"start":{"line":51,"column":1},"end":{"line":51,"column":45}},"29":{"start":{"line":51,"column":34},"end":{"line":51,"column":45}},"30":{"start":{"line":53,"column":1},"end":{"line":53,"column":43}},"31":{"start":{"line":55,"column":1},"end":{"line":55,"column":26}},"32":{"start":{"line":56,"column":1},"end":{"line":56,"column":34}},"33":{"start":{"line":59,"column":1},"end":{"line":59,"column":15}},"34":{"start":{"line":61,"column":1},"end":{"line":61,"column":48}},"35":{"start":{"line":63,"column":1},"end":{"line":104,"column":2}},"36":{"start":{"line":64,"column":5},"end":{"line":64,"column":35}},"37":{"start":{"line":64,"column":26},"end":{"line":64,"column":35}},"38":{"start":{"line":65,"column":5},"end":{"line":65,"column":37}},"39":{"start":{"line":65,"column":28},"end":{"line":65,"column":37}},"40":{"start":{"line":67,"column":5},"end":{"line":67,"column":32}},"41":{"start":{"line":67,"column":23},"end":{"line":67,"column":32}},"42":{"start":{"line":69,"column":5},"end":{"line":103,"column":6}},"43":{"start":{"line":71,"column":2},"end":{"line":71,"column":16}},"44":{"start":{"line":73,"column":2},"end":{"line":73,"column":57}},"45":{"start":{"line":73,"column":32},"end":{"line":73,"column":57}},"46":{"start":{"line":75,"column":2},"end":{"line":75,"column":42}},"47":{"start":{"line":79,"column":2},"end":{"line":79,"column":35}},"48":{"start":{"line":81,"column":2},"end":{"line":81,"column":28}},"49":{"start":{"line":81,"column":19},"end":{"line":81,"column":28}},"50":{"start":{"line":82,"column":2},"end":{"line":82,"column":33}},"51":{"start":{"line":82,"column":19},"end":{"line":82,"column":33}},"52":{"start":{"line":84,"column":2},"end":{"line":84,"column":16}},"53":{"start":{"line":86,"column":2},"end":{"line":86,"column":44}},"54":{"start":{"line":86,"column":19},"end":{"line":86,"column":44}},"55":{"start":{"line":87,"column":2},"end":{"line":89,"column":3}},"56":{"start":{"line":91,"column":2},"end":{"line":100,"column":3}},"57":{"start":{"line":93,"column":6},"end":{"line":99,"column":7}},"58":{"start":{"line":94,"column":3},"end":{"line":94,"column":15}},"59":{"start":{"line":95,"column":3},"end":{"line":95,"column":38}},"60":{"start":{"line":96,"column":3},"end":{"line":97,"column":34}},"61":{"start":{"line":96,"column":21},"end":{"line":96,"column":44}},"62":{"start":{"line":97,"column":8},"end":{"line":97,"column":34}},"63":{"start":{"line":98,"column":3},"end":{"line":98,"column":22}},"64":{"start":{"line":102,"column":2},"end":{"line":102,"column":29}},"65":{"start":{"line":109,"column":1},"end":{"line":116,"column":4}},"66":{"start":{"line":110,"column":5},"end":{"line":114,"column":6}},"67":{"start":{"line":111,"column":2},"end":{"line":111,"column":19}},"68":{"start":{"line":113,"column":2},"end":{"line":113,"column":23}},"69":{"start":{"line":115,"column":5},"end":{"line":115,"column":29}},"70":{"start":{"line":118,"column":1},"end":{"line":118,"column":25}},"71":{"start":{"line":122,"column":4},"end":{"line":236,"column":6}},"72":{"start":{"line":123,"column":1},"end":{"line":123,"column":21}},"73":{"start":{"line":125,"column":1},"end":{"line":125,"column":27}},"74":{"start":{"line":125,"column":14},"end":{"line":125,"column":27}},"75":{"start":{"line":126,"column":1},"end":{"line":126,"column":23}},"76":{"start":{"line":126,"column":12},"end":{"line":126,"column":23}},"77":{"start":{"line":133,"column":1},"end":{"line":133,"column":34}},"78":{"start":{"line":135,"column":1},"end":{"line":135,"column":26}},"79":{"start":{"line":136,"column":1},"end":{"line":136,"column":41}},"80":{"start":{"line":138,"column":1},"end":{"line":138,"column":15}},"81":{"start":{"line":139,"column":1},"end":{"line":141,"column":44}},"82":{"start":{"line":140,"column":5},"end":{"line":141,"column":44}},"83":{"start":{"line":141,"column":2},"end":{"line":141,"column":44}},"84":{"start":{"line":143,"column":1},"end":{"line":143,"column":87}},"85":{"start":{"line":143,"column":45},"end":{"line":143,"column":87}},"86":{"start":{"line":145,"column":1},"end":{"line":145,"column":15}},"87":{"start":{"line":146,"column":1},"end":{"line":146,"column":28}},"88":{"start":{"line":151,"column":1},"end":{"line":151,"column":29}},"89":{"start":{"line":153,"column":1},"end":{"line":157,"column":2}},"90":{"start":{"line":154,"column":5},"end":{"line":154,"column":40}},"91":{"start":{"line":155,"column":5},"end":{"line":155,"column":73}},"92":{"start":{"line":156,"column":5},"end":{"line":156,"column":36}},"93":{"start":{"line":160,"column":1},"end":{"line":160,"column":92}},"94":{"start":{"line":160,"column":31},"end":{"line":160,"column":92}},"95":{"start":{"line":161,"column":1},"end":{"line":161,"column":64}},"96":{"start":{"line":164,"column":1},"end":{"line":164,"column":37}},"97":{"start":{"line":165,"column":1},"end":{"line":165,"column":56}},"98":{"start":{"line":166,"column":1},"end":{"line":167,"column":29}},"99":{"start":{"line":170,"column":1},"end":{"line":212,"column":2}},"100":{"start":{"line":171,"column":5},"end":{"line":171,"column":39}},"101":{"start":{"line":171,"column":30},"end":{"line":171,"column":39}},"102":{"start":{"line":172,"column":5},"end":{"line":172,"column":52}},"103":{"start":{"line":173,"column":5},"end":{"line":173,"column":19}},"104":{"start":{"line":178,"column":5},"end":{"line":193,"column":55}},"105":{"start":{"line":179,"column":2},"end":{"line":179,"column":34}},"106":{"start":{"line":180,"column":2},"end":{"line":180,"column":36}},"107":{"start":{"line":181,"column":2},"end":{"line":181,"column":29}},"108":{"start":{"line":193,"column":11},"end":{"line":193,"column":55}},"109":{"start":{"line":193,"column":46},"end":{"line":193,"column":55}},"110":{"start":{"line":195,"column":5},"end":{"line":195,"column":18}},"111":{"start":{"line":197,"column":5},"end":{"line":201,"column":6}},"112":{"start":{"line":198,"column":2},"end":{"line":198,"column":68}},"113":{"start":{"line":199,"column":2},"end":{"line":199,"column":48}},"114":{"start":{"line":200,"column":2},"end":{"line":200,"column":18}},"115":{"start":{"line":203,"column":5},"end":{"line":203,"column":14}},"116":{"start":{"line":204,"column":5},"end":{"line":205,"column":49}},"117":{"start":{"line":204,"column":31},"end":{"line":204,"column":58}},"118":{"start":{"line":205,"column":10},"end":{"line":205,"column":49}},"119":{"start":{"line":207,"column":5},"end":{"line":207,"column":49}},"120":{"start":{"line":208,"column":5},"end":{"line":208,"column":65}},"121":{"start":{"line":210,"column":5},"end":{"line":211,"column":46}},"122":{"start":{"line":211,"column":2},"end":{"line":211,"column":46}},"123":{"start":{"line":216,"column":1},"end":{"line":234,"column":4}},"124":{"start":{"line":220,"column":5},"end":{"line":223,"column":6}},"125":{"start":{"line":221,"column":2},"end":{"line":221,"column":19}},"126":{"start":{"line":222,"column":2},"end":{"line":222,"column":18}},"127":{"start":{"line":225,"column":5},"end":{"line":225,"column":18}},"128":{"start":{"line":227,"column":5},"end":{"line":232,"column":6}},"129":{"start":{"line":228,"column":2},"end":{"line":228,"column":15}},"130":{"start":{"line":229,"column":2},"end":{"line":230,"column":74}},"131":{"start":{"line":230,"column":6},"end":{"line":230,"column":74}},"132":{"start":{"line":231,"column":2},"end":{"line":231,"column":16}},"133":{"start":{"line":233,"column":5},"end":{"line":233,"column":22}},"134":{"start":{"line":235,"column":3},"end":{"line":235,"column":22}},"135":{"start":{"line":239,"column":4},"end":{"line":273,"column":6}},"136":{"start":{"line":245,"column":1},"end":{"line":245,"column":34}},"137":{"start":{"line":248,"column":1},"end":{"line":248,"column":45}},"138":{"start":{"line":250,"column":1},"end":{"line":254,"column":3}},"139":{"start":{"line":256,"column":1},"end":{"line":256,"column":38}},"140":{"start":{"line":258,"column":1},"end":{"line":258,"column":26}},"141":{"start":{"line":259,"column":1},"end":{"line":259,"column":28}},"142":{"start":{"line":261,"column":1},"end":{"line":261,"column":21}},"143":{"start":{"line":262,"column":1},"end":{"line":262,"column":22}},"144":{"start":{"line":264,"column":1},"end":{"line":264,"column":90}},"145":{"start":{"line":265,"column":1},"end":{"line":265,"column":95}},"146":{"start":{"line":267,"column":1},"end":{"line":267,"column":26}},"147":{"start":{"line":269,"column":1},"end":{"line":271,"column":4}},"148":{"start":{"line":270,"column":5},"end":{"line":270,"column":27}},"149":{"start":{"line":272,"column":3},"end":{"line":272,"column":27}},"150":{"start":{"line":275,"column":4},"end":{"line":275,"column":18}},"151":{"start":{"line":279,"column":0},"end":{"line":295,"column":1}},"152":{"start":{"line":280,"column":4},"end":{"line":280,"column":41}},"153":{"start":{"line":281,"column":4},"end":{"line":282,"column":30}},"154":{"start":{"line":281,"column":16},"end":{"line":281,"column":30}},"155":{"start":{"line":282,"column":9},"end":{"line":282,"column":30}},"156":{"start":{"line":282,"column":21},"end":{"line":282,"column":30}},"157":{"start":{"line":284,"column":4},"end":{"line":294,"column":21}},"158":{"start":{"line":285,"column":1},"end":{"line":285,"column":45}},"159":{"start":{"line":288,"column":1},"end":{"line":290,"column":8}},"160":{"start":{"line":289,"column":5},"end":{"line":290,"column":8}},"161":{"start":{"line":290,"column":2},"end":{"line":290,"column":8}},"162":{"start":{"line":292,"column":1},"end":{"line":293,"column":25}},"163":{"start":{"line":292,"column":20},"end":{"line":292,"column":31}},"164":{"start":{"line":293,"column":6},"end":{"line":293,"column":25}},"165":{"start":{"line":294,"column":10},"end":{"line":294,"column":21}},"166":{"start":{"line":297,"column":0},"end":{"line":315,"column":1}},"167":{"start":{"line":298,"column":4},"end":{"line":314,"column":5}},"168":{"start":{"line":300,"column":14},"end":{"line":300,"column":24}},"169":{"start":{"line":300,"column":25},"end":{"line":300,"column":31}},"170":{"start":{"line":302,"column":1},"end":{"line":304,"column":2}},"171":{"start":{"line":303,"column":5},"end":{"line":303,"column":58}},"172":{"start":{"line":305,"column":1},"end":{"line":305,"column":13}},"173":{"start":{"line":306,"column":1},"end":{"line":306,"column":7}},"174":{"start":{"line":308,"column":1},"end":{"line":308,"column":27}},"175":{"start":{"line":309,"column":1},"end":{"line":309,"column":7}},"176":{"start":{"line":312,"column":1},"end":{"line":312,"column":17}},"177":{"start":{"line":313,"column":1},"end":{"line":313,"column":7}},"178":{"start":{"line":319,"column":0},"end":{"line":321,"column":59}},"179":{"start":{"line":320,"column":4},"end":{"line":320,"column":32}},"180":{"start":{"line":321,"column":6},"end":{"line":321,"column":59}}},"branchMap":{"1":{"line":18,"type":"if","locations":[{"start":{"line":18,"column":1},"end":{"line":18,"column":1}},{"start":{"line":18,"column":1},"end":{"line":18,"column":1}}]},"2":{"line":30,"type":"if","locations":[{"start":{"line":30,"column":5},"end":{"line":30,"column":5}},{"start":{"line":30,"column":5},"end":{"line":30,"column":5}}]},"3":{"line":51,"type":"if","locations":[{"start":{"line":51,"column":1},"end":{"line":51,"column":1}},{"start":{"line":51,"column":1},"end":{"line":51,"column":1}}]},"4":{"line":64,"type":"if","locations":[{"start":{"line":64,"column":5},"end":{"line":64,"column":5}},{"start":{"line":64,"column":5},"end":{"line":64,"column":5}}]},"5":{"line":65,"type":"if","locations":[{"start":{"line":65,"column":5},"end":{"line":65,"column":5}},{"start":{"line":65,"column":5},"end":{"line":65,"column":5}}]},"6":{"line":67,"type":"if","locations":[{"start":{"line":67,"column":5},"end":{"line":67,"column":5}},{"start":{"line":67,"column":5},"end":{"line":67,"column":5}}]},"7":{"line":69,"type":"if","locations":[{"start":{"line":69,"column":5},"end":{"line":69,"column":5}},{"start":{"line":69,"column":5},"end":{"line":69,"column":5}}]},"8":{"line":73,"type":"if","locations":[{"start":{"line":73,"column":2},"end":{"line":73,"column":2}},{"start":{"line":73,"column":2},"end":{"line":73,"column":2}}]},"9":{"line":81,"type":"if","locations":[{"start":{"line":81,"column":2},"end":{"line":81,"column":2}},{"start":{"line":81,"column":2},"end":{"line":81,"column":2}}]},"10":{"line":82,"type":"if","locations":[{"start":{"line":82,"column":2},"end":{"line":82,"column":2}},{"start":{"line":82,"column":2},"end":{"line":82,"column":2}}]},"11":{"line":86,"type":"if","locations":[{"start":{"line":86,"column":2},"end":{"line":86,"column":2}},{"start":{"line":86,"column":2},"end":{"line":86,"column":2}}]},"12":{"line":87,"type":"if","locations":[{"start":{"line":87,"column":2},"end":{"line":87,"column":2}},{"start":{"line":87,"column":2},"end":{"line":87,"column":2}}]},"13":{"line":91,"type":"if","locations":[{"start":{"line":91,"column":2},"end":{"line":91,"column":2}},{"start":{"line":91,"column":2},"end":{"line":91,"column":2}}]},"14":{"line":96,"type":"if","locations":[{"start":{"line":96,"column":3},"end":{"line":96,"column":3}},{"start":{"line":96,"column":3},"end":{"line":96,"column":3}}]},"15":{"line":110,"type":"if","locations":[{"start":{"line":110,"column":5},"end":{"line":110,"column":5}},{"start":{"line":110,"column":5},"end":{"line":110,"column":5}}]},"16":{"line":125,"type":"if","locations":[{"start":{"line":125,"column":1},"end":{"line":125,"column":1}},{"start":{"line":125,"column":1},"end":{"line":125,"column":1}}]},"17":{"line":126,"type":"if","locations":[{"start":{"line":126,"column":1},"end":{"line":126,"column":1}},{"start":{"line":126,"column":1},"end":{"line":126,"column":1}}]},"18":{"line":139,"type":"if","locations":[{"start":{"line":139,"column":1},"end":{"line":139,"column":1}},{"start":{"line":139,"column":1},"end":{"line":139,"column":1}}]},"19":{"line":140,"type":"if","locations":[{"start":{"line":140,"column":5},"end":{"line":140,"column":5}},{"start":{"line":140,"column":5},"end":{"line":140,"column":5}}]},"20":{"line":143,"type":"if","locations":[{"start":{"line":143,"column":1},"end":{"line":143,"column":1}},{"start":{"line":143,"column":1},"end":{"line":143,"column":1}}]},"21":{"line":153,"type":"if","locations":[{"start":{"line":153,"column":1},"end":{"line":153,"column":1}},{"start":{"line":153,"column":1},"end":{"line":153,"column":1}}]},"22":{"line":153,"type":"binary-expr","locations":[{"start":{"line":153,"column":5},"end":{"line":153,"column":29}},{"start":{"line":153,"column":31},"end":{"line":153,"column":33}}]},"23":{"line":160,"type":"if","locations":[{"start":{"line":160,"column":1},"end":{"line":160,"column":1}},{"start":{"line":160,"column":1},"end":{"line":160,"column":1}}]},"24":{"line":171,"type":"if","locations":[{"start":{"line":171,"column":5},"end":{"line":171,"column":5}},{"start":{"line":171,"column":5},"end":{"line":171,"column":5}}]},"25":{"line":178,"type":"if","locations":[{"start":{"line":178,"column":5},"end":{"line":178,"column":5}},{"start":{"line":178,"column":5},"end":{"line":178,"column":5}}]},"26":{"line":178,"type":"binary-expr","locations":[{"start":{"line":178,"column":9},"end":{"line":178,"column":21}},{"start":{"line":178,"column":27},"end":{"line":178,"column":67}}]},"27":{"line":193,"type":"if","locations":[{"start":{"line":193,"column":11},"end":{"line":193,"column":11}},{"start":{"line":193,"column":11},"end":{"line":193,"column":11}}]},"28":{"line":197,"type":"if","locations":[{"start":{"line":197,"column":5},"end":{"line":197,"column":5}},{"start":{"line":197,"column":5},"end":{"line":197,"column":5}}]},"29":{"line":197,"type":"binary-expr","locations":[{"start":{"line":197,"column":9},"end":{"line":197,"column":33}},{"start":{"line":197,"column":35},"end":{"line":197,"column":37}}]},"30":{"line":198,"type":"binary-expr","locations":[{"start":{"line":198,"column":34},"end":{"line":198,"column":63}},{"start":{"line":198,"column":65},"end":{"line":198,"column":67}}]},"31":{"line":204,"type":"if","locations":[{"start":{"line":204,"column":5},"end":{"line":204,"column":5}},{"start":{"line":204,"column":5},"end":{"line":204,"column":5}}]},"32":{"line":210,"type":"if","locations":[{"start":{"line":210,"column":5},"end":{"line":210,"column":5}},{"start":{"line":210,"column":5},"end":{"line":210,"column":5}}]},"33":{"line":220,"type":"if","locations":[{"start":{"line":220,"column":5},"end":{"line":220,"column":5}},{"start":{"line":220,"column":5},"end":{"line":220,"column":5}}]},"34":{"line":264,"type":"binary-expr","locations":[{"start":{"line":264,"column":39},"end":{"line":264,"column":74}},{"start":{"line":264,"column":78},"end":{"line":264,"column":89}}]},"35":{"line":265,"type":"binary-expr","locations":[{"start":{"line":265,"column":41},"end":{"line":265,"column":78}},{"start":{"line":265,"column":82},"end":{"line":265,"column":94}}]},"36":{"line":281,"type":"if","locations":[{"start":{"line":281,"column":4},"end":{"line":281,"column":4}},{"start":{"line":281,"column":4},"end":{"line":281,"column":4}}]},"37":{"line":282,"type":"if","locations":[{"start":{"line":282,"column":9},"end":{"line":282,"column":9}},{"start":{"line":282,"column":9},"end":{"line":282,"column":9}}]},"38":{"line":284,"type":"if","locations":[{"start":{"line":284,"column":4},"end":{"line":284,"column":4}},{"start":{"line":284,"column":4},"end":{"line":284,"column":4}}]},"39":{"line":289,"type":"if","locations":[{"start":{"line":289,"column":5},"end":{"line":289,"column":5}},{"start":{"line":289,"column":5},"end":{"line":289,"column":5}}]},"40":{"line":289,"type":"binary-expr","locations":[{"start":{"line":289,"column":18},"end":{"line":289,"column":57}},{"start":{"line":289,"column":60},"end":{"line":289,"column":65}}]},"41":{"line":292,"type":"if","locations":[{"start":{"line":292,"column":1},"end":{"line":292,"column":1}},{"start":{"line":292,"column":1},"end":{"line":292,"column":1}}]},"42":{"line":298,"type":"switch","locations":[{"start":{"line":300,"column":4},"end":{"line":300,"column":31}},{"start":{"line":301,"column":4},"end":{"line":306,"column":7}},{"start":{"line":307,"column":4},"end":{"line":309,"column":7}},{"start":{"line":311,"column":4},"end":{"line":313,"column":7}}]},"43":{"line":319,"type":"if","locations":[{"start":{"line":319,"column":0},"end":{"line":319,"column":0}},{"start":{"line":319,"column":0},"end":{"line":319,"column":0}}]},"44":{"line":321,"type":"binary-expr","locations":[{"start":{"line":321,"column":42},"end":{"line":321,"column":53}},{"start":{"line":321,"column":55},"end":{"line":321,"column":57}}]}},"l":{"1":1,"4":1,"5":1,"8":1,"9":1,"11":1,"12":1,"15":1,"16":1,"17":1,"18":1,"19":1,"23":1,"25":1,"26":0,"28":0,"30":0,"32":0,"33":0,"36":0,"44":1,"46":0,"50":1,"51":0,"53":0,"55":0,"56":0,"59":0,"61":0,"63":0,"64":0,"65":0,"67":0,"69":0,"71":0,"73":0,"75":0,"79":0,"81":0,"82":0,"84":0,"86":0,"87":0,"91":0,"93":0,"94":0,"95":0,"96":0,"97":0,"98":0,"102":0,"109":0,"110":0,"111":0,"113":0,"115":0,"118":0,"122":1,"123":0,"125":0,"126":0,"133":0,"135":0,"136":0,"138":0,"139":0,"140":0,"141":0,"143":0,"145":0,"146":0,"151":0,"153":0,"154":0,"155":0,"156":0,"160":0,"161":0,"164":0,"165":0,"166":0,"170":0,"171":0,"172":0,"173":0,"178":0,"179":0,"180":0,"181":0,"193":0,"195":0,"197":0,"198":0,"199":0,"200":0,"203":0,"204":0,"205":0,"207":0,"208":0,"210":0,"211":0,"216":0,"220":0,"221":0,"222":0,"225":0,"227":0,"228":0,"229":0,"230":0,"231":0,"233":0,"235":0,"239":1,"245":0,"248":0,"250":0,"256":0,"258":0,"259":0,"261":0,"262":0,"264":0,"265":0,"267":0,"269":0,"270":0,"272":0,"275":1,"279":1,"280":0,"281":0,"282":0,"284":0,"285":0,"288":0,"289":0,"290":0,"292":0,"293":0,"294":0,"297":1,"298":0,"300":0,"302":0,"303":0,"305":0,"306":0,"308":0,"309":0,"312":0,"313":0,"319":1,"320":1,"321":0}}}
