TN:
SF:/home/nik/code/dnpm/canijs/cani.js
FN:6,(anonymous_1)
FN:14,(anonymous_2)
FN:29,(anonymous_3)
FN:39,(anonymous_4)
FN:51,(anonymous_5)
FN:69,(anonymous_6)
FN:70,(anonymous_7)
FN:89,(anonymous_8)
FN:93,(anonymous_9)
FN:98,(anonymous_10)
FN:105,(anonymous_11)
FNF:11
FNH:6
FNDA:1,(anonymous_1)
FNDA:6,(anonymous_2)
FNDA:2,(anonymous_3)
FNDA:1,(anonymous_4)
FNDA:0,(anonymous_5)
FNDA:0,(anonymous_6)
FNDA:0,(anonymous_7)
FNDA:0,(anonymous_8)
FNDA:1,(anonymous_9)
FNDA:0,(anonymous_10)
FNDA:1,(anonymous_11)
DA:1,1
DA:2,1
DA:4,1
DA:6,1
DA:9,1
DA:10,1
DA:12,1
DA:14,1
DA:15,6
DA:16,5
DA:17,4
DA:18,4
DA:19,1
DA:20,1
DA:21,0
DA:22,0
DA:23,0
DA:29,1
DA:30,2
DA:31,2
DA:36,1
DA:37,1
DA:39,1
DA:40,1
DA:41,1
DA:43,1
DA:44,1
DA:45,1
DA:48,0
DA:49,0
DA:51,0
DA:52,0
DA:55,1
DA:57,0
DA:64,0
DA:65,0
DA:66,0
DA:67,0
DA:68,0
DA:69,0
DA:70,0
DA:71,0
DA:74,0
DA:77,0
DA:78,0
DA:79,0
DA:80,0
DA:81,0
DA:83,0
DA:85,0
DA:89,1
DA:90,0
DA:93,1
DA:94,1
DA:95,1
DA:98,1
DA:100,0
DA:102,0
DA:105,1
DA:109,1
DA:110,1
DA:113,1
DA:117,1
DA:118,1
LF:64
LH:37
BRDA:1,1,0,1
BRDA:1,1,1,0
BRDA:4,2,0,1
BRDA:4,2,1,1
BRDA:15,3,0,5
BRDA:15,3,1,1
BRDA:16,4,0,1
BRDA:16,4,1,4
BRDA:18,5,0,3
BRDA:18,5,1,1
BRDA:19,6,0,1
BRDA:19,6,1,0
BRDA:21,7,0,0
BRDA:21,7,1,0
BRDA:23,8,0,0
BRDA:23,8,1,0
BRDA:30,9,0,2
BRDA:30,9,1,0
BRDA:40,10,0,1
BRDA:40,10,1,0
BRDA:43,11,0,1
BRDA:43,11,1,0
BRDA:44,12,0,1
BRDA:44,12,1,0
BRDA:48,13,0,0
BRDA:48,13,1,0
BRDA:57,14,0,0
BRDA:57,14,1,0
BRDA:66,15,0,0
BRDA:66,15,1,0
BRDA:67,16,0,0
BRDA:67,16,1,0
BRDA:77,17,0,0
BRDA:77,17,1,0
BRDA:80,18,0,0
BRDA:80,18,1,0
BRDA:94,19,0,1
BRDA:94,19,1,0
BRDA:100,20,0,0
BRDA:100,20,1,0
BRDA:115,21,0,1
BRDA:115,21,1,1
BRDA:117,22,0,1
BRDA:117,22,1,0
BRF:44
BRH:18
end_of_record
