TN:
SF:/home/nik/code/dnpm/canijs/cani.js
FN:6,(anonymous_1)
FN:14,(anonymous_2)
FN:29,(anonymous_3)
FN:39,(anonymous_4)
FN:51,(anonymous_5)
FN:69,(anonymous_6)
FN:70,(anonymous_7)
FN:89,(anonymous_8)
FN:93,(anonymous_9)
FN:98,(anonymous_10)
FN:103,(anonymous_11)
FNF:11
FNH:11
FNDA:1,(anonymous_1)
FNDA:15,(anonymous_2)
FNDA:9,(anonymous_3)
FNDA:11,(anonymous_4)
FNDA:4,(anonymous_5)
FNDA:2,(anonymous_6)
FNDA:2,(anonymous_7)
FNDA:1,(anonymous_8)
FNDA:7,(anonymous_9)
FNDA:1,(anonymous_10)
FNDA:2,(anonymous_11)
DA:1,1
DA:2,1
DA:4,1
DA:6,1
DA:9,1
DA:10,1
DA:12,1
DA:14,1
DA:15,15
DA:16,12
DA:17,8
DA:18,8
DA:19,3
DA:20,3
DA:21,8
DA:22,3
DA:23,3
DA:29,1
DA:30,9
DA:31,9
DA:36,1
DA:37,1
DA:39,1
DA:40,11
DA:41,11
DA:43,11
DA:44,7
DA:45,2
DA:48,5
DA:49,5
DA:51,5
DA:52,4
DA:55,7
DA:57,4
DA:64,4
DA:65,4
DA:66,6
DA:67,6
DA:68,2
DA:69,2
DA:70,2
DA:71,2
DA:74,2
DA:77,4
DA:78,2
DA:79,2
DA:80,4
DA:81,4
DA:83,2
DA:85,4
DA:89,1
DA:90,1
DA:93,1
DA:94,7
DA:95,7
DA:98,1
DA:99,1
DA:100,1
DA:103,1
DA:107,2
DA:108,2
DA:111,1
DA:115,1
DA:116,1
LF:64
LH:64
BRDA:1,1,0,1
BRDA:1,1,1,0
BRDA:4,2,0,1
BRDA:4,2,1,1
BRDA:15,3,0,12
BRDA:15,3,1,3
BRDA:16,4,0,4
BRDA:16,4,1,8
BRDA:18,5,0,7
BRDA:18,5,1,1
BRDA:19,6,0,3
BRDA:19,6,1,0
BRDA:21,7,0,3
BRDA:21,7,1,5
BRDA:23,8,0,3
BRDA:23,8,1,0
BRDA:30,9,0,4
BRDA:30,9,1,5
BRDA:40,10,0,10
BRDA:40,10,1,1
BRDA:43,11,0,7
BRDA:43,11,1,4
BRDA:44,12,0,2
BRDA:44,12,1,5
BRDA:44,13,0,7
BRDA:44,13,1,6
BRDA:48,14,0,5
BRDA:48,14,1,0
BRDA:57,15,0,4
BRDA:57,15,1,0
BRDA:66,16,0,3
BRDA:66,16,1,3
BRDA:67,17,0,2
BRDA:67,17,1,4
BRDA:77,18,0,2
BRDA:77,18,1,2
BRDA:80,19,0,2
BRDA:80,19,1,2
BRDA:94,20,0,7
BRDA:94,20,1,0
BRDA:99,21,0,1
BRDA:99,21,1,0
BRDA:113,22,0,1
BRDA:113,22,1,1
BRDA:115,23,0,1
BRDA:115,23,1,0
BRF:46
BRH:38
end_of_record
TN:
SF:/home/nik/code/dnpm/canijs/cani-dynamo/cani-dynamo.js
FN:1,(anonymous_1)
FN:1,(anonymous_2)
FN:15,(anonymous_3)
FN:19,(anonymous_4)
FN:25,(anonymous_5)
FN:28,(anonymous_6)
FN:44,(anonymous_7)
FN:50,(anonymous_8)
FN:109,(anonymous_9)
FN:122,(anonymous_10)
FN:214,(anonymous_11)
FN:237,(anonymous_12)
FN:267,(anonymous_13)
FN:277,dynamoType
FN:295,deref
FNF:15
FNH:4
FNDA:1,(anonymous_1)
FNDA:1,(anonymous_2)
FNDA:1,(anonymous_3)
FNDA:1,(anonymous_4)
FNDA:0,(anonymous_5)
FNDA:0,(anonymous_6)
FNDA:0,(anonymous_7)
FNDA:0,(anonymous_8)
FNDA:0,(anonymous_9)
FNDA:0,(anonymous_10)
FNDA:0,(anonymous_11)
FNDA:0,(anonymous_12)
FNDA:0,(anonymous_13)
FNDA:0,dynamoType
FNDA:0,deref
DA:1,1
DA:4,1
DA:5,1
DA:8,1
DA:9,1
DA:11,1
DA:12,1
DA:15,1
DA:16,1
DA:17,1
DA:18,1
DA:19,1
DA:23,1
DA:25,1
DA:26,0
DA:28,0
DA:30,0
DA:32,0
DA:33,0
DA:36,0
DA:44,1
DA:46,0
DA:50,1
DA:51,0
DA:53,0
DA:55,0
DA:56,0
DA:59,0
DA:61,0
DA:63,0
DA:64,0
DA:65,0
DA:67,0
DA:69,0
DA:71,0
DA:73,0
DA:75,0
DA:79,0
DA:81,0
DA:82,0
DA:84,0
DA:86,0
DA:87,0
DA:91,0
DA:93,0
DA:94,0
DA:95,0
DA:96,0
DA:97,0
DA:98,0
DA:102,0
DA:109,0
DA:110,0
DA:111,0
DA:113,0
DA:115,0
DA:118,0
DA:122,1
DA:123,0
DA:125,0
DA:126,0
DA:131,0
DA:133,0
DA:134,0
DA:136,0
DA:137,0
DA:138,0
DA:139,0
DA:141,0
DA:143,0
DA:144,0
DA:149,0
DA:151,0
DA:152,0
DA:153,0
DA:154,0
DA:158,0
DA:159,0
DA:162,0
DA:163,0
DA:164,0
DA:168,0
DA:169,0
DA:170,0
DA:171,0
DA:176,0
DA:177,0
DA:178,0
DA:179,0
DA:191,0
DA:193,0
DA:195,0
DA:196,0
DA:197,0
DA:198,0
DA:201,0
DA:202,0
DA:203,0
DA:205,0
DA:206,0
DA:208,0
DA:209,0
DA:214,0
DA:218,0
DA:219,0
DA:220,0
DA:223,0
DA:225,0
DA:226,0
DA:227,0
DA:228,0
DA:229,0
DA:231,0
DA:233,0
DA:237,1
DA:243,0
DA:246,0
DA:248,0
DA:254,0
DA:256,0
DA:257,0
DA:259,0
DA:260,0
DA:262,0
DA:263,0
DA:265,0
DA:267,0
DA:268,0
DA:270,0
DA:273,1
DA:277,1
DA:278,0
DA:279,0
DA:280,0
DA:282,0
DA:283,0
DA:286,0
DA:287,0
DA:288,0
DA:290,0
DA:291,0
DA:292,0
DA:295,1
DA:296,0
DA:298,0
DA:300,0
DA:301,0
DA:303,0
DA:304,0
DA:306,0
DA:307,0
DA:310,0
DA:311,0
DA:317,1
DA:318,1
DA:319,0
LF:156
LH:23
BRDA:18,1,0,1
BRDA:18,1,1,0
BRDA:30,2,0,0
BRDA:30,2,1,0
BRDA:51,3,0,0
BRDA:51,3,1,0
BRDA:64,4,0,0
BRDA:64,4,1,0
BRDA:65,5,0,0
BRDA:65,5,1,0
BRDA:67,6,0,0
BRDA:67,6,1,0
BRDA:69,7,0,0
BRDA:69,7,1,0
BRDA:73,8,0,0
BRDA:73,8,1,0
BRDA:81,9,0,0
BRDA:81,9,1,0
BRDA:82,10,0,0
BRDA:82,10,1,0
BRDA:86,11,0,0
BRDA:86,11,1,0
BRDA:87,12,0,0
BRDA:87,12,1,0
BRDA:91,13,0,0
BRDA:91,13,1,0
BRDA:96,14,0,0
BRDA:96,14,1,0
BRDA:110,15,0,0
BRDA:110,15,1,0
BRDA:125,16,0,0
BRDA:125,16,1,0
BRDA:126,17,0,0
BRDA:126,17,1,0
BRDA:137,18,0,0
BRDA:137,18,1,0
BRDA:138,19,0,0
BRDA:138,19,1,0
BRDA:141,20,0,0
BRDA:141,20,1,0
BRDA:151,21,0,0
BRDA:151,21,1,0
BRDA:151,22,0,0
BRDA:151,22,1,0
BRDA:158,23,0,0
BRDA:158,23,1,0
BRDA:169,24,0,0
BRDA:169,24,1,0
BRDA:176,25,0,0
BRDA:176,25,1,0
BRDA:176,26,0,0
BRDA:176,26,1,0
BRDA:191,27,0,0
BRDA:191,27,1,0
BRDA:195,28,0,0
BRDA:195,28,1,0
BRDA:195,29,0,0
BRDA:195,29,1,0
BRDA:196,30,0,0
BRDA:196,30,1,0
BRDA:202,31,0,0
BRDA:202,31,1,0
BRDA:208,32,0,0
BRDA:208,32,1,0
BRDA:218,33,0,0
BRDA:218,33,1,0
BRDA:262,34,0,0
BRDA:262,34,1,0
BRDA:263,35,0,0
BRDA:263,35,1,0
BRDA:279,36,0,0
BRDA:279,36,1,0
BRDA:280,37,0,0
BRDA:280,37,1,0
BRDA:282,38,0,0
BRDA:282,38,1,0
BRDA:287,39,0,0
BRDA:287,39,1,0
BRDA:287,40,0,0
BRDA:287,40,1,0
BRDA:290,41,0,0
BRDA:290,41,1,0
BRDA:296,42,0,0
BRDA:296,42,1,0
BRDA:296,42,2,0
BRDA:296,42,3,0
BRDA:317,43,0,1
BRDA:317,43,1,0
BRDA:319,44,0,0
BRDA:319,44,1,0
BRF:90
BRH:2
end_of_record
